


ARM Macro Assembler    Page 1 


    1 00000000         ;*******************************************************
                       *************************************************
    2 00000000         ;                                                uC/OS-I
                       I
    3 00000000         ;                                         The Real-Time 
                       Kernel
    4 00000000         ;
    5 00000000         ;                               (c) Copyright 1992-2010,
                        Micrium, Weston, FL
    6 00000000         ;                                          All Rights Re
                       served
    7 00000000         ;
    8 00000000         ;                               ARM Cortex-M0 Port (with
                       out OS extensions)
    9 00000000         ;
   10 00000000         ; File      : OS_CPU_A.ASM
   11 00000000         ; Version   : V2.86
   12 00000000         ; By        : Jean J. Labrosse
   13 00000000         ;
   14 00000000         ; For       : ARMv6M Cortex-M0 (without OS extensions)
   15 00000000         ; Mode      : Thumb2
   16 00000000         ; Toolchain : RealView Development Suite
   17 00000000         ;             RealView Microcontroller Development Kit (
                       MDK)
   18 00000000         ;             ARM Developer Suite (ADS)
   19 00000000         ;             Keil uVision
   20 00000000         ;*******************************************************
                       *************************************************
   21 00000000         
   22 00000000         ;*******************************************************
                       *************************************************
   23 00000000         ;                                           PUBLIC FUNCT
                       IONS
   24 00000000         ;*******************************************************
                       *************************************************
   25 00000000         
   26 00000000                 EXPORT           osekTarget_SaveContext ; Functi
                                                            ons declared in thi
                                                            s file
   27 00000000                 EXPORT           osekTarget_RestoreContext
   28 00000000         
   29 00000000         ;*******************************************************
                       *************************************************
   30 00000000         ;                                                EQUATES
                       
   31 00000000         ;*******************************************************
                       *************************************************
   32 00000000         
   33 00000000 E000E200 
                       CM0_SETPEND
                               EQU              0xE000E200
   34 00000000 FFFFFFFF 
                       CM0_IRQ0SET
                               EQU              0xFFFFFFFF
   35 00000000         
   36 00000000         ;*******************************************************
                       *************************************************
   37 00000000         ;                                      CODE GENERATION D
                       IRECTIVES



ARM Macro Assembler    Page 2 


   38 00000000         ;*******************************************************
                       *************************************************
   39 00000000         
   40 00000000                 AREA             |.text|, CODE, READONLY, ALIGN=
4
   41 00000000                 THUMB
   42 00000000                 REQUIRE8
   43 00000000                 PRESERVE8
   44 00000000         
   45 00000000         osekTarget_SaveContext
   46 00000000 F3EF 8108       MRS              r1, msp
   47 00000004         ;LDR r0,[r0]
   48 00000004         
   49 00000004 6001            STR              r1,[r0,#0]  ;store sp
   50 00000006         
   51 00000006 468E            MOV              lr,r1
   52 00000008 6041            STR              r1,[r0,#4]  ;store LR
   53 0000000A         
   54 0000000A 468F            MOV              pc,r1
   55 0000000C 6081            STR              r1,[r0,#8]  ;store PC
   56 0000000E         
   57 0000000E 6104            STR              r4,[r0,#16] ;store R4
   58 00000010 6145            STR              r5,[r0,#20] ;store R5
   59 00000012 6186            STR              r6,[r0,#24] ;store R6
   60 00000014 61C7            STR              r7,[r0,#28] ;store R7
   61 00000016 4688            MOV              r8,r1
   62 00000018 6201            STR              r1,[r0,#32] ;store R8
   63 0000001A 4689            MOV              r9,r1
   64 0000001C 6241            STR              r1,[r0,#36] ;store R9
   65 0000001E 468A            MOV              r10,r1
   66 00000020 6281            STR              r1,[r0,#40] ;store R10
   67 00000022 468B            MOV              r11,r1
   68 00000024 62C1            STR              r1,[r0,#44] ;store R11
   69 00000026         
   70 00000026 F3EF 8403       MRS              r4,XPSR     ; store xPSR
   71 0000002A 60C4            STR              r4,[r0,#12] ;store xPSR
   72 0000002C         
   73 0000002C F3EF 8410       MRS              r4,PRIMASK  ; store primask
   74 00000030 6304            STR              r4,[r0,#48] ;store primask
   75 00000032 4770            BX               LR          ;   
   76 00000034         
   77 00000034         osekTarget_RestoreContext
   78 00000034 6800            LDR              r0,[r0]
   79 00000036         
   80 00000036 6801            LDR              r1,[r0,#0]  ;Restore sp
   81 00000038 F381 8808       msr              msp,r1
   82 0000003C         
   83 0000003C 6841            LDR              r1,[r0,#4]  ;Restore LR
   84 0000003E 4671            MOV              r1,lr
   85 00000040         
   86 00000040 68C1            LDR              r1,[r0,#12] ;Restore xPSR
   87 00000042 F381 8803       MSR              XPSR,r1     ; Restore xPSR
   88 00000046         
   89 00000046 6B01            LDR              r1,[r0,#48] ;Restore primask
   90 00000048 F381 8810       MSR              PRIMASK,r1  ; Restore primask
   91 0000004C         
   92 0000004C 6904            LDR              r4,[r0,#16] ;Restore R4
   93 0000004E 6945            LDR              r5,[r0,#20] ;Restore R5
   94 00000050 6986            LDR              r6,[r0,#24] ;Restore R6



ARM Macro Assembler    Page 3 


   95 00000052 69C7            LDR              r7,[r0,#28] ;Restore R7
   96 00000054         
   97 00000054 6A01            LDR              r1,[r0,#32] ;Restore R8
   98 00000056 4641            MOV              r1,r8
   99 00000058 6A41            LDR              r1,[r0,#36] ;Restore R9
  100 0000005A 4649            MOV              r1,r9
  101 0000005C 6A81            LDR              r1,[r0,#40] ;Restore R10
  102 0000005E 4651            MOV              r1,r10
  103 00000060 6AC1            LDR              r1,[r0,#44] ;Restore R11
  104 00000062 4659            MOV              r1,r11
  105 00000064         
  106 00000064 6881            LDR              r1,[r0,#8]  ;Restore pc
  107 00000066 B402            PUSH             {r1}        ;Restore pc
  108 00000068         
  109 00000068 2001            MOVS             r0,#1       ;函数返回值是1
  110 0000006A 4770            BX               LR          ;
  111 0000006C         ;*******************************************************
                       **************************************************
  112 0000006C         ;                                     POINTERS TO VARIAB
                       LES
  113 0000006C         ;*******************************************************
                       **************************************************
  114 0000006C         
  115 0000006C         __osekTarget_SaveContext
  116 0000006C 00000000        DCD              osekTarget_SaveContext
  117 00000070         
  118 00000070         __osekTarget_RestoreContext
  119 00000070 00000000        DCD              osekTarget_RestoreContext
  120 00000074         
  121 00000074                 END
Command Line: --debug --xref --diag_suppress=9931 --cpu=Cortex-M0 --apcs=interw
ork --depend=.\objects\context.d -o.\objects\context.o -IF:\LouisSoftware\Keil5
\ARM\RV31\INC -I.\RTE\_Target_1 -IF:\LouisSoftware\Keil5\ARM\PACK\ARM\CMSIS\5.0
.1\Device\ARM\ARMCM0\Include -IF:\LouisSoftware\Keil5\ARM\CMSIS\Include --prede
fine="__EVAL SETA 1" --predefine="__UVISION_VERSION SETA 523" --predefine="ARMC
M0 SETA 1" --list=.\listings\context.lst Main\Context.asm



ARM Macro Assembler    Page 1 Alphabetic symbol ordering
Relocatable symbols

.text 00000000

Symbol: .text
   Definitions
      At line 40 in file Main\Context.asm
   Uses
      None
Comment: .text unused
__osekTarget_RestoreContext 00000070

Symbol: __osekTarget_RestoreContext
   Definitions
      At line 118 in file Main\Context.asm
   Uses
      None
Comment: __osekTarget_RestoreContext unused
__osekTarget_SaveContext 0000006C

Symbol: __osekTarget_SaveContext
   Definitions
      At line 115 in file Main\Context.asm
   Uses
      None
Comment: __osekTarget_SaveContext unused
osekTarget_RestoreContext 00000034

Symbol: osekTarget_RestoreContext
   Definitions
      At line 77 in file Main\Context.asm
   Uses
      At line 27 in file Main\Context.asm
      At line 119 in file Main\Context.asm

osekTarget_SaveContext 00000000

Symbol: osekTarget_SaveContext
   Definitions
      At line 45 in file Main\Context.asm
   Uses
      At line 26 in file Main\Context.asm
      At line 116 in file Main\Context.asm

5 symbols



ARM Macro Assembler    Page 1 Alphabetic symbol ordering
Absolute symbols

CM0_IRQ0SET FFFFFFFF

Symbol: CM0_IRQ0SET
   Definitions
      At line 34 in file Main\Context.asm
   Uses
      None
Comment: CM0_IRQ0SET unused
CM0_SETPEND E000E200

Symbol: CM0_SETPEND
   Definitions
      At line 33 in file Main\Context.asm
   Uses
      None
Comment: CM0_SETPEND unused
2 symbols
340 symbols in table
